make all --print-data-base --no-builtin-variables --no-builtin-rules --question
# GNU Make 3.81
# Copyright (C) 2006  Free Software Foundation, Inc.
# This is free software; see the source for copying conditions.
# There is NO warranty; not even for MERCHANTABILITY or FITNESS FOR A
# PARTICULAR PURPOSE.

# This program built for i386-apple-darwin11.3.0
 

# Make data base, printed on Thu Jun 23 15:58:07 2022

# Variables

 
# automatic
<D = $(patsubst %/,%,$(dir $<))
# automatic
?F = $(notdir $?)
# makefile (from `Makefile', line 28)
RM_DIR = rm -rf
# environment
VSCODE_LOG_NATIVE = false
# environment
NVM_INC = /Users/briffard/.nvm/versions/node/v18.0.0/include/node
# automatic
?D = $(patsubst %/,%,$(dir $?))
# automatic
@D = $(patsubst %/,%,$(dir $@))
# automatic
@F = $(notdir $@)
# makefile
CURDIR := /Users/briffard/Desktop/B9R9-GOL
# makefile
SHELL = /bin/sh
# makefile (from `Makefile', line 29)
RM = rm	-f
# environment
VSCODE_NLS_CONFIG = {"locale":"en-us","availableLanguages":{},"_languagePackSupport":true}
# environment
_ = /usr/bin/make
# makefile (from `Makefile', line 1)
MAKEFILE_LIST :=  Makefile
# makefile (from `Makefile', line 36)
SRC_DIR_OPT = ./srcs_opt/
# makefile (from `Makefile', line 40)
OBJ_DIR = ./objectFiles/
# environment
VSCODE_VERBOSE_LOGGING = true
# makefile (from `Makefile', line 41)
OBJS = $(addprefix $(OBJ_DIR), $(FILES:%.c=%.o))
# environment
VSCODE_IPC_HOOK_EXTHOST = /var/folders/zz/zyxvpxvq6csfxvn_n0000l580004s_/T/vscode-ipc-88c3aece-6fd9-4dce-96fd-d9fc7c836222.sock
# environment
VSCODE_CWD = /
# environment
Apple_PubSub_Socket_Render = /private/tmp/com.apple.launchd.FF4aUIarC8/Render
# environment
PATH = /Users/briffard/.nvm/versions/node/v18.0.0/bin:/Users/briffard/.brew/bin:/opt/homebrew/bin:/usr/local/bin:/usr/bin:/bin:/usr/sbin:/sbin:/usr/local/munki
# environment
LSCOLORS = Gxfxcxdxbxegedabagacad
# makefile (from `Makefile', line 45)
OBJS_OPT = $(addprefix $(OBJ_DIR_OPT), $(FILES_OPT:%.c=%.o))
# environment
NVM_BIN = /Users/briffard/.nvm/versions/node/v18.0.0/bin
# makefile (from `Makefile', line 37)
FILES_OPT = rushes_main_opt.c
# environment
VSCODE_LOG_STACK = false
# environment
ELECTRON_RUN_AS_NODE = 1
# makefile (from `Makefile', line 25)
LIB = -L ./libft/ -lft
# default
.FEATURES := target-specific order-only second-expansion else-if archives jobserver check-symlink
# environment
SSH_AUTH_SOCK = /private/tmp/com.apple.launchd.UVPWEWlmHo/Listeners
# automatic
%F = $(notdir $%)
# environment
VSCODE_PIPE_LOGGING = true
# environment
PWD = /Users/briffard/Desktop/B9R9-GOL
# environment
ORIGINAL_XDG_CURRENT_DESKTOP = undefined
# makefile (from `Makefile', line 14)
NAME_OPT = life2.0
# environment
VSCODE_AMD_ENTRYPOINT = vs/workbench/api/node/extensionHostProcess
# environment
HOME = /Users/briffard
# makefile (from `Makefile', line 44)
OBJ_DIR_OPT = ./objectFiles_opt/
# default
MAKEFILEPATH := /Applications/Xcode.app/Contents/Developer/Makefiles
# environment
VSCODE_CODE_CACHE_PATH = /Users/briffard/Library/Application Support/Code/CachedData/30d9c6cd9483b2cc586687151bcbcd635f373630
# environment
LOGNAME = briffard
# environment
APPLICATION_INSIGHTS_NO_DIAGNOSTIC_CHANNEL = 1
# environment
NVM_CD_FLAGS = -q
# environment
ZSH = /Users/briffard/.oh-my-zsh
# environment
VSCODE_HANDLES_UNCAUGHT_ERRORS = true
# automatic
^D = $(patsubst %/,%,$(dir $^))
# environment
XPC_FLAGS = 0x0
# makefile (from `Makefile', line 22)
INCL_GOL = -I ./includes/ 
# default
MAKE = $(MAKE_COMMAND)
# default
MAKECMDGOALS := all
# environment
SHLVL = 1
# makefile (from `Makefile', line 17)
CC = gcc
# default
MAKE_VERSION := 3.81
# environment
USER = briffard
# makefile
.DEFAULT_GOAL := all
# makefile (from `Makefile', line 18)
CCFLAGS = -Werror -Wextra -Wall
# environment
LESS = -R
# automatic
%D = $(patsubst %/,%,$(dir $%))
# makefile (from `Makefile', line 21)
INCL_LFT = -I ./libft/includes/
# default
MAKE_COMMAND := /Applications/Xcode.app/Contents/Developer/usr/bin/make
# default
.VARIABLES := 
# environment
TMPDIR = /var/folders/zz/zyxvpxvq6csfxvn_n0000l580004s_/T/
# automatic
*F = $(notdir $*)
# environment
VSCODE_IPC_HOOK = /Users/briffard/Library/Application Support/Code/1.68.1-main.sock
# makefile
MAKEFLAGS = Rrqp
# environment
MFLAGS = -Rrqp
# automatic
*D = $(patsubst %/,%,$(dir $*))
# environment
NVM_DIR = /Users/briffard/.nvm
# environment
XPC_SERVICE_NAME = com.apple.xpc.launchd.oneshot.0x10000001.Electron
# automatic
+D = $(patsubst %/,%,$(dir $+))
# automatic
+F = $(notdir $+)
# environment
__CF_USER_TEXT_ENCODING = 0x132A:0x0:0x0
# environment
COMMAND_MODE = unix2003
# default
MAKEFILES := 
# makefile (from `Makefile', line 32)
SRC_DIR = ./srcs/
# automatic
<F = $(notdir $<)
# environment
PAGER = less
# environment
LC_ALL = C
# makefile (from `Makefile', line 13)
NAME_REF = life
# environment
SECURITYSESSIONID = 186a8
# automatic
^F = $(notdir $^)
# default
SUFFIXES := 
# default
.INCLUDE_DIRS = /usr/local/include
# environment
MAKELEVEL := 0
# environment
LANG = C
# environment
VSCODE_PID = 10674
# makefile (from `Makefile', line 33)
FILES = rushes_main.c
# variable set hash-table stats:
# Load=88/1024=9%, Rehash=0, Collisions=8/128=6%

# Pattern-specific Variable Values

# No pattern-specific variable values.

# Directories

# . (device 16777227, inode 3224038): 15 files, no impossibilities.
# srcs_opt (device 16777227, inode 3225154): 3 files, no impossibilities so far.
# ./srcs (device 16777227, inode 3224220): 3 files, no impossibilities so far.
# ./srcs_opt (device 16777227, inode 3225154): 3 files, no impossibilities so far.
# srcs (device 16777227, inode 3224220): 3 files, no impossibilities so far.

# 27 files, no impossibilities in 5 directories.

# Implicit Rules

objectFiles_opt/%.o: ./srcs_opt/%.c
#  commands to execute (from `Makefile', line 53):
	@mkdir -p $(OBJ_DIR_OPT)
	@$(CC) $(CCFLAGS) $(INCL_LFT) $(INCL_GOL) -o $@ -c $<
	

objectFiles/%.o: ./srcs/%.c
#  commands to execute (from `Makefile', line 60):
	@mkdir -p $(OBJ_DIR)
	@$(CC) $(CCFLAGS) $(INCL_LFT) $(INCL_GOL) -o $@ -c $<
	

# 2 implicit rules, 0 (0.0%) terminal.

# Files

all: life life2.0
#  Phony target (prerequisite of .PHONY).
#  Command-line target.
#  Implicit rule search has not been done.
#  File does not exist.
#  File has been updated.
#  Successfully updated.
# variable set hash-table stats:
# Load=0/32=0%, Rehash=0, Collisions=0/0=0%

.PHONY: all re clean fclean
#  Implicit rule search has not been done.
#  Modification time never checked.
#  File has not been updated.

life2.0: objectFiles_opt/rushes_main_opt.o
#  Implicit rule search has not been done.
#  Last modified 2022-06-23 12:51:05
#  File has been updated.
#  Successfully updated.
# variable set hash-table stats:
# Load=0/32=0%, Rehash=0, Collisions=0/0=0%
#  commands to execute (from `Makefile', line 50):
	@$(CC) $(CCFLAGS) -o $(NAME_OPT) $(OBJS_OPT) $(LIB)
	

# Not a target:
.SUFFIXES:
#  Implicit rule search has not been done.
#  Modification time never checked.
#  File has not been updated.

# Not a target:
Makefile:
#  Implicit rule search has been done.
#  Last modified 2022-06-23 11:11:34
#  File has been updated.
#  Successfully updated.
# variable set hash-table stats:
# Load=0/32=0%, Rehash=0, Collisions=0/0=0%

# Not a target:
srcs_opt/rushes_main_opt.c:
#  Implicit rule search has been done.
#  Last modified 2022-06-23 12:51:02
#  File has been updated.
#  Successfully updated.
# variable set hash-table stats:
# Load=0/32=0%, Rehash=0, Collisions=0/0=0%

lft:
#  Implicit rule search has not been done.
#  Modification time never checked.
#  File has not been updated.
#  commands to execute (from `Makefile', line 66):
	@make -sC ./libft/ all
	

fclean: clean
#  Phony target (prerequisite of .PHONY).
#  Implicit rule search has not been done.
#  File does not exist.
#  File has not been updated.
#  commands to execute (from `Makefile', line 83):
	@$(RM) $(NAME_REF)
	@$(RM) $(NAME_OPT)
	@echo "Life file has been deleted"
	

objectFiles_opt/rushes_main_opt.o: srcs_opt/rushes_main_opt.c
#  Implicit rule search has been done.
#  Implicit/static pattern stem: `rushes_main_opt'
#  Last modified 2022-06-23 12:51:05
#  File has been updated.
#  Successfully updated.
# variable set hash-table stats:
# Load=0/32=0%, Rehash=0, Collisions=0/0=0%
#  commands to execute (from `Makefile', line 53):
	@mkdir -p $(OBJ_DIR_OPT)
	@$(CC) $(CCFLAGS) $(INCL_LFT) $(INCL_GOL) -o $@ -c $<
	

lft_reboot:
#  Implicit rule search has not been done.
#  Modification time never checked.
#  File has not been updated.
#  commands to execute (from `Makefile', line 69):
	@make -sC ./libft/ re
	

 
# Not a target:
.DEFAULT:
#  Implicit rule search has not been done.
#  Modification time never checked.
#  File has not been updated.

re: fclean all
#  Phony target (prerequisite of .PHONY).
#  Implicit rule search has not been done.
#  File does not exist.
#  File has not been updated.

clean:
#  Phony target (prerequisite of .PHONY).
#  Implicit rule search has not been done.
#  File does not exist.
#  File has not been updated.
#  commands to execute (from `Makefile', line 78):
	@$(RM_DIR) $(OBJ_DIR)
	@$(RM_DIR) $(OBJ_DIR_OPT)
	@echo "Object Files have been deleted"
	

# Not a target:
srcs/rushes_main.c:
#  Implicit rule search has been done.
#  Last modified 2022-06-23 12:03:50
#  File has been updated.
#  Successfully updated.
# variable set hash-table stats:
# Load=0/32=0%, Rehash=0, Collisions=0/0=0%

lft_fclean:
#  Implicit rule search has not been done.
#  Modification time never checked.
#  File has not been updated.
#  commands to execute (from `Makefile', line 75):
	@make -sC ./libft/ fclean
	

lft_clean:
#  Implicit rule search has not been done.
#  Modification time never checked.
#  File has not been updated.
#  commands to execute (from `Makefile', line 72):
	@make -sC ./libft/ clean
	

objectFiles/rushes_main.o: srcs/rushes_main.c
#  Implicit rule search has been done.
#  Implicit/static pattern stem: `rushes_main'
#  Last modified 2022-06-23 12:51:05
#  File has been updated.
#  Successfully updated.
# variable set hash-table stats:
# Load=0/32=0%, Rehash=0, Collisions=0/0=0%
#  commands to execute (from `Makefile', line 60):
	@mkdir -p $(OBJ_DIR)
	@$(CC) $(CCFLAGS) $(INCL_LFT) $(INCL_GOL) -o $@ -c $<
	

life: objectFiles/rushes_main.o
#  Implicit rule search has not been done.
#  Last modified 2022-06-23 12:51:05
#  File has been updated.
#  Successfully updated.
# variable set hash-table stats:
# Load=0/32=0%, Rehash=0, Collisions=0/0=0%
#  commands to execute (from `Makefile', line 57):
	@$(CC) $(CCFLAGS) -o $(NAME_REF) $(OBJS) $(LIB)
	

# files hash-table stats:
# Load=18/1024=2%, Rehash=0, Collisions=0/48=0%
# VPATH Search Paths

# No `vpath' search paths.

# No general (`VPATH' variable) search path.

# # of strings in strcache: 1
# # of strcache buffers: 1
# strcache size: total = 4096 / max = 4096 / min = 4096 / avg = 4096
# strcache free: total = 4087 / max = 4087 / min = 4087 / avg = 4087

# Finished Make data base on Thu Jun 23 15:58:07 2022

 
